  sysmain.cpp
  Создание кода
  6 of 319 functions ( 1.9%) were compiled, the rest were copied from previous compilation.
    0 functions were new in current compilation
    4 functions had inline decision re-evaluated but remain unchanged
  Создание кода завершено
allegro_monolith-static.lib(allegro.obj) : warning LNK4099: "allegro_monolith-static.pdb" PDB не найден с "allegro_monolith-static.lib(allegro.obj)" или на "C:\Users\denfe\source\repos\CORNERS_TEST\x64\Release\allegro_monolith-static.pdb"; компоновка объекта выполняется как при отсутствии отладочных данных
allegro_monolith-static.lib(bitmap.obj) : warning LNK4099: "allegro_monolith-static.pdb" PDB не найден с "allegro_monolith-static.lib(bitmap.obj)" или на "C:\Users\denfe\source\repos\CORNERS_TEST\x64\Release\allegro_monolith-static.pdb"; компоновка объекта выполняется как при отсутствии отладочных данных
allegro_monolith-static.lib(bitmap_draw.obj) : warning LNK4099: "allegro_monolith-static.pdb" PDB не найден с "allegro_monolith-static.lib(bitmap_draw.obj)" или на "C:\Users\denfe\source\repos\CORNERS_TEST\x64\Release\allegro_monolith-static.pdb"; компоновка объекта выполняется как при отсутствии отладочных данных
allegro_monolith-static.lib(bitmap_io.obj) : warning LNK4099: "allegro_monolith-static.pdb" PDB не найден с "allegro_monolith-static.lib(bitmap_io.obj)" или на "C:\Users\denfe\source\repos\CORNERS_TEST\x64\Release\allegro_monolith-static.pdb"; компоновка объекта выполняется как при отсутствии отладочных данных
allegro_monolith-static.lib(bitmap_lock.obj) : warning LNK4099: "allegro_monolith-static.pdb" PDB не найден с "allegro_monolith-static.lib(bitmap_lock.obj)" или на "C:\Users\denfe\source\repos\CORNERS_TEST\x64\Release\allegro_monolith-static.pdb"; компоновка объекта выполняется как при отсутствии отладочных данных
allegro_monolith-static.lib(bitmap_pixel.obj) : warning LNK4099: "allegro_monolith-static.pdb" PDB не найден с "allegro_monolith-static.lib(bitmap_pixel.obj)" или на "C:\Users\denfe\source\repos\CORNERS_TEST\x64\Release\allegro_monolith-static.pdb"; компоновка объекта выполняется как при отсутствии отладочных данных
allegro_monolith-static.lib(bitmap_type.obj) : warning LNK4099: "allegro_monolith-static.pdb" PDB не найден с "allegro_monolith-static.lib(bitmap_type.obj)" или на "C:\Users\denfe\source\repos\CORNERS_TEST\x64\Release\allegro_monolith-static.pdb"; компоновка объекта выполняется как при отсутствии отладочных данных
allegro_monolith-static.lib(blenders.obj) : warning LNK4099: "allegro_monolith-static.pdb" PDB не найден с "allegro_monolith-static.lib(blenders.obj)" или на "C:\Users\denfe\source\repos\CORNERS_TEST\x64\Release\allegro_monolith-static.pdb"; компоновка объекта выполняется как при отсутствии отладочных данных
allegro_monolith-static.lib(config.obj) : warning LNK4099: "allegro_monolith-static.pdb" PDB не найден с "allegro_monolith-static.lib(config.obj)" или на "C:\Users\denfe\source\repos\CORNERS_TEST\x64\Release\allegro_monolith-static.pdb"; компоновка объекта выполняется как при отсутствии отладочных данных
allegro_monolith-static.lib(convert.obj) : warning LNK4099: "allegro_monolith-static.pdb" PDB не найден с "allegro_monolith-static.lib(convert.obj)" или на "C:\Users\denfe\source\repos\CORNERS_TEST\x64\Release\allegro_monolith-static.pdb"; компоновка объекта выполняется как при отсутствии отладочных данных
allegro_monolith-static.lib(debug.obj) : warning LNK4099: "allegro_monolith-static.pdb" PDB не найден с "allegro_monolith-static.lib(debug.obj)" или на "C:\Users\denfe\source\repos\CORNERS_TEST\x64\Release\allegro_monolith-static.pdb"; компоновка объекта выполняется как при отсутствии отладочных данных
allegro_monolith-static.lib(display.obj) : warning LNK4099: "allegro_monolith-static.pdb" PDB не найден с "allegro_monolith-static.lib(display.obj)" или на "C:\Users\denfe\source\repos\CORNERS_TEST\x64\Release\allegro_monolith-static.pdb"; компоновка объекта выполняется как при отсутствии отладочных данных
allegro_monolith-static.lib(display_settings.obj) : warning LNK4099: "allegro_monolith-static.pdb" PDB не найден с "allegro_monolith-static.lib(display_settings.obj)" или на "C:\Users\denfe\source\repos\CORNERS_TEST\x64\Release\allegro_monolith-static.pdb"; компоновка объекта выполняется как при отсутствии отладочных данных
allegro_monolith-static.lib(drawing.obj) : warning LNK4099: "allegro_monolith-static.pdb" PDB не найден с "allegro_monolith-static.lib(drawing.obj)" или на "C:\Users\denfe\source\repos\CORNERS_TEST\x64\Release\allegro_monolith-static.pdb"; компоновка объекта выполняется как при отсутствии отладочных данных
allegro_monolith-static.lib(dtor.obj) : warning LNK4099: "allegro_monolith-static.pdb" PDB не найден с "allegro_monolith-static.lib(dtor.obj)" или на "C:\Users\denfe\source\repos\CORNERS_TEST\x64\Release\allegro_monolith-static.pdb"; компоновка объекта выполняется как при отсутствии отладочных данных
allegro_monolith-static.lib(events.obj) : warning LNK4099: "allegro_monolith-static.pdb" PDB не найден с "allegro_monolith-static.lib(events.obj)" или на "C:\Users\denfe\source\repos\CORNERS_TEST\x64\Release\allegro_monolith-static.pdb"; компоновка объекта выполняется как при отсутствии отладочных данных
allegro_monolith-static.lib(evtsrc.obj) : warning LNK4099: "allegro_monolith-static.pdb" PDB не найден с "allegro_monolith-static.lib(evtsrc.obj)" или на "C:\Users\denfe\source\repos\CORNERS_TEST\x64\Release\allegro_monolith-static.pdb"; компоновка объекта выполняется как при отсутствии отладочных данных
allegro_monolith-static.lib(exitfunc.obj) : warning LNK4099: "allegro_monolith-static.pdb" PDB не найден с "allegro_monolith-static.lib(exitfunc.obj)" или на "C:\Users\denfe\source\repos\CORNERS_TEST\x64\Release\allegro_monolith-static.pdb"; компоновка объекта выполняется как при отсутствии отладочных данных
allegro_monolith-static.lib(file.obj) : warning LNK4099: "allegro_monolith-static.pdb" PDB не найден с "allegro_monolith-static.lib(file.obj)" или на "C:\Users\denfe\source\repos\CORNERS_TEST\x64\Release\allegro_monolith-static.pdb"; компоновка объекта выполняется как при отсутствии отладочных данных
allegro_monolith-static.lib(file_stdio.obj) : warning LNK4099: "allegro_monolith-static.pdb" PDB не найден с "allegro_monolith-static.lib(file_stdio.obj)" или на "C:\Users\denfe\source\repos\CORNERS_TEST\x64\Release\allegro_monolith-static.pdb"; компоновка объекта выполняется как при отсутствии отладочных данных
allegro_monolith-static.lib(fshook.obj) : warning LNK4099: "allegro_monolith-static.pdb" PDB не найден с "allegro_monolith-static.lib(fshook.obj)" или на "C:\Users\denfe\source\repos\CORNERS_TEST\x64\Release\allegro_monolith-static.pdb"; компоновка объекта выполняется как при отсутствии отладочных данных
allegro_monolith-static.lib(fshook_stdio.obj) : warning LNK4099: "allegro_monolith-static.pdb" PDB не найден с "allegro_monolith-static.lib(fshook_stdio.obj)" или на "C:\Users\denfe\source\repos\CORNERS_TEST\x64\Release\allegro_monolith-static.pdb"; компоновка объекта выполняется как при отсутствии отладочных данных
allegro_monolith-static.lib(fullscreen_mode.obj) : warning LNK4099: "allegro_monolith-static.pdb" PDB не найден с "allegro_monolith-static.lib(fullscreen_mode.obj)" или на "C:\Users\denfe\source\repos\CORNERS_TEST\x64\Release\allegro_monolith-static.pdb"; компоновка объекта выполняется как при отсутствии отладочных данных
allegro_monolith-static.lib(haptic.obj) : warning LNK4099: "allegro_monolith-static.pdb" PDB не найден с "allegro_monolith-static.lib(haptic.obj)" или на "C:\Users\denfe\source\repos\CORNERS_TEST\x64\Release\allegro_monolith-static.pdb"; компоновка объекта выполняется как при отсутствии отладочных данных
allegro_monolith-static.lib(joynu.obj) : warning LNK4099: "allegro_monolith-static.pdb" PDB не найден с "allegro_monolith-static.lib(joynu.obj)" или на "C:\Users\denfe\source\repos\CORNERS_TEST\x64\Release\allegro_monolith-static.pdb"; компоновка объекта выполняется как при отсутствии отладочных данных
allegro_monolith-static.lib(keybdnu.obj) : warning LNK4099: "allegro_monolith-static.pdb" PDB не найден с "allegro_monolith-static.lib(keybdnu.obj)" или на "C:\Users\denfe\source\repos\CORNERS_TEST\x64\Release\allegro_monolith-static.pdb"; компоновка объекта выполняется как при отсутствии отладочных данных
allegro_monolith-static.lib(libc.obj) : warning LNK4099: "allegro_monolith-static.pdb" PDB не найден с "allegro_monolith-static.lib(libc.obj)" или на "C:\Users\denfe\source\repos\CORNERS_TEST\x64\Release\allegro_monolith-static.pdb"; компоновка объекта выполняется как при отсутствии отладочных данных
allegro_monolith-static.lib(memblit.obj) : warning LNK4099: "allegro_monolith-static.pdb" PDB не найден с "allegro_monolith-static.lib(memblit.obj)" или на "C:\Users\denfe\source\repos\CORNERS_TEST\x64\Release\allegro_monolith-static.pdb"; компоновка объекта выполняется как при отсутствии отладочных данных
allegro_monolith-static.lib(memdraw.obj) : warning LNK4099: "allegro_monolith-static.pdb" PDB не найден с "allegro_monolith-static.lib(memdraw.obj)" или на "C:\Users\denfe\source\repos\CORNERS_TEST\x64\Release\allegro_monolith-static.pdb"; компоновка объекта выполняется как при отсутствии отладочных данных
allegro_monolith-static.lib(memory.obj) : warning LNK4099: "allegro_monolith-static.pdb" PDB не найден с "allegro_monolith-static.lib(memory.obj)" или на "C:\Users\denfe\source\repos\CORNERS_TEST\x64\Release\allegro_monolith-static.pdb"; компоновка объекта выполняется как при отсутствии отладочных данных
allegro_monolith-static.lib(monitor.obj) : warning LNK4099: "allegro_monolith-static.pdb" PDB не найден с "allegro_monolith-static.lib(monitor.obj)" или на "C:\Users\denfe\source\repos\CORNERS_TEST\x64\Release\allegro_monolith-static.pdb"; компоновка объекта выполняется как при отсутствии отладочных данных
allegro_monolith-static.lib(mousenu.obj) : warning LNK4099: "allegro_monolith-static.pdb" PDB не найден с "allegro_monolith-static.lib(mousenu.obj)" или на "C:\Users\denfe\source\repos\CORNERS_TEST\x64\Release\allegro_monolith-static.pdb"; компоновка объекта выполняется как при отсутствии отладочных данных
allegro_monolith-static.lib(path.obj) : warning LNK4099: "" PDB не найден с "allegro_monolith-static.lib(path.obj)" или на ""; компоновка объекта выполняется как при отсутствии отладочных данных
allegro_monolith-static.lib(pixels.obj) : warning LNK4099: "allegro_monolith-static.pdb" PDB не найден с "allegro_monolith-static.lib(pixels.obj)" или на "C:\Users\denfe\source\repos\CORNERS_TEST\x64\Release\allegro_monolith-static.pdb"; компоновка объекта выполняется как при отсутствии отладочных данных
allegro_monolith-static.lib(shader.obj) : warning LNK4099: "allegro_monolith-static.pdb" PDB не найден с "allegro_monolith-static.lib(shader.obj)" или на "C:\Users\denfe\source\repos\CORNERS_TEST\x64\Release\allegro_monolith-static.pdb"; компоновка объекта выполняется как при отсутствии отладочных данных
allegro_monolith-static.lib(system.obj) : warning LNK4099: "allegro_monolith-static.pdb" PDB не найден с "allegro_monolith-static.lib(system.obj)" или на "C:\Users\denfe\source\repos\CORNERS_TEST\x64\Release\allegro_monolith-static.pdb"; компоновка объекта выполняется как при отсутствии отладочных данных
allegro_monolith-static.lib(threads.obj) : warning LNK4099: "" PDB не найден с "allegro_monolith-static.lib(threads.obj)" или на ""; компоновка объекта выполняется как при отсутствии отладочных данных
allegro_monolith-static.lib(timernu.obj) : warning LNK4099: "allegro_monolith-static.pdb" PDB не найден с "allegro_monolith-static.lib(timernu.obj)" или на "C:\Users\denfe\source\repos\CORNERS_TEST\x64\Release\allegro_monolith-static.pdb"; компоновка объекта выполняется как при отсутствии отладочных данных
allegro_monolith-static.lib(tls.obj) : warning LNK4099: "allegro_monolith-static.pdb" PDB не найден с "allegro_monolith-static.lib(tls.obj)" или на "C:\Users\denfe\source\repos\CORNERS_TEST\x64\Release\allegro_monolith-static.pdb"; компоновка объекта выполняется как при отсутствии отладочных данных
allegro_monolith-static.lib(touch_input.obj) : warning LNK4099: "allegro_monolith-static.pdb" PDB не найден с "allegro_monolith-static.lib(touch_input.obj)" или на "C:\Users\denfe\source\repos\CORNERS_TEST\x64\Release\allegro_monolith-static.pdb"; компоновка объекта выполняется как при отсутствии отладочных данных
allegro_monolith-static.lib(transformations.obj) : warning LNK4099: "allegro_monolith-static.pdb" PDB не найден с "allegro_monolith-static.lib(transformations.obj)" или на "C:\Users\denfe\source\repos\CORNERS_TEST\x64\Release\allegro_monolith-static.pdb"; компоновка объекта выполняется как при отсутствии отладочных данных
allegro_monolith-static.lib(tri_soft.obj) : warning LNK4099: "allegro_monolith-static.pdb" PDB не найден с "allegro_monolith-static.lib(tri_soft.obj)" или на "C:\Users\denfe\source\repos\CORNERS_TEST\x64\Release\allegro_monolith-static.pdb"; компоновка объекта выполняется как при отсутствии отладочных данных
allegro_monolith-static.lib(utf8.obj) : warning LNK4099: "allegro_monolith-static.pdb" PDB не найден с "allegro_monolith-static.lib(utf8.obj)" или на "C:\Users\denfe\source\repos\CORNERS_TEST\x64\Release\allegro_monolith-static.pdb"; компоновка объекта выполняется как при отсутствии отладочных данных
allegro_monolith-static.lib(aatree.obj) : warning LNK4099: "allegro_monolith-static.pdb" PDB не найден с "allegro_monolith-static.lib(aatree.obj)" или на "C:\Users\denfe\source\repos\CORNERS_TEST\x64\Release\allegro_monolith-static.pdb"; компоновка объекта выполняется как при отсутствии отладочных данных
allegro_monolith-static.lib(bstrlib.obj) : warning LNK4099: "allegro_monolith-static.pdb" PDB не найден с "allegro_monolith-static.lib(bstrlib.obj)" или на "C:\Users\denfe\source\repos\CORNERS_TEST\x64\Release\allegro_monolith-static.pdb"; компоновка объекта выполняется как при отсутствии отладочных данных
allegro_monolith-static.lib(list.obj) : warning LNK4099: "" PDB не найден с "allegro_monolith-static.lib(list.obj)" или на ""; компоновка объекта выполняется как при отсутствии отладочных данных
allegro_monolith-static.lib(vector.obj) : warning LNK4099: "allegro_monolith-static.pdb" PDB не найден с "allegro_monolith-static.lib(vector.obj)" или на "C:\Users\denfe\source\repos\CORNERS_TEST\x64\Release\allegro_monolith-static.pdb"; компоновка объекта выполняется как при отсутствии отладочных данных
allegro_monolith-static.lib(wclipboard.obj) : warning LNK4099: "allegro_monolith-static.pdb" PDB не найден с "allegro_monolith-static.lib(wclipboard.obj)" или на "C:\Users\denfe\source\repos\CORNERS_TEST\x64\Release\allegro_monolith-static.pdb"; компоновка объекта выполняется как при отсутствии отладочных данных
allegro_monolith-static.lib(whapall.obj) : warning LNK4099: "" PDB не найден с "allegro_monolith-static.lib(whapall.obj)" или на ""; компоновка объекта выполняется как при отсутствии отладочных данных
allegro_monolith-static.lib(whaptic.obj) : warning LNK4099: "allegro_monolith-static.pdb" PDB не найден с "allegro_monolith-static.lib(whaptic.obj)" или на "C:\Users\denfe\source\repos\CORNERS_TEST\x64\Release\allegro_monolith-static.pdb"; компоновка объекта выполняется как при отсутствии отладочных данных
allegro_monolith-static.lib(whapxi.obj) : warning LNK4099: "allegro_monolith-static.pdb" PDB не найден с "allegro_monolith-static.lib(whapxi.obj)" или на "C:\Users\denfe\source\repos\CORNERS_TEST\x64\Release\allegro_monolith-static.pdb"; компоновка объекта выполняется как при отсутствии отладочных данных
allegro_monolith-static.lib(wjoyall.obj) : warning LNK4099: "allegro_monolith-static.pdb" PDB не найден с "allegro_monolith-static.lib(wjoyall.obj)" или на "C:\Users\denfe\source\repos\CORNERS_TEST\x64\Release\allegro_monolith-static.pdb"; компоновка объекта выполняется как при отсутствии отладочных данных
allegro_monolith-static.lib(wjoydxnu.obj) : warning LNK4099: "allegro_monolith-static.pdb" PDB не найден с "allegro_monolith-static.lib(wjoydxnu.obj)" или на "C:\Users\denfe\source\repos\CORNERS_TEST\x64\Release\allegro_monolith-static.pdb"; компоновка объекта выполняется как при отсутствии отладочных данных
allegro_monolith-static.lib(wjoyxi.obj) : warning LNK4099: "allegro_monolith-static.pdb" PDB не найден с "allegro_monolith-static.lib(wjoyxi.obj)" или на "C:\Users\denfe\source\repos\CORNERS_TEST\x64\Release\allegro_monolith-static.pdb"; компоновка объекта выполняется как при отсутствии отладочных данных
allegro_monolith-static.lib(wkeyboard.obj) : warning LNK4099: "allegro_monolith-static.pdb" PDB не найден с "allegro_monolith-static.lib(wkeyboard.obj)" или на "C:\Users\denfe\source\repos\CORNERS_TEST\x64\Release\allegro_monolith-static.pdb"; компоновка объекта выполняется как при отсутствии отладочных данных
allegro_monolith-static.lib(wmcursor.obj) : warning LNK4099: "allegro_monolith-static.pdb" PDB не найден с "allegro_monolith-static.lib(wmcursor.obj)" или на "C:\Users\denfe\source\repos\CORNERS_TEST\x64\Release\allegro_monolith-static.pdb"; компоновка объекта выполняется как при отсутствии отладочных данных
allegro_monolith-static.lib(wmouse.obj) : warning LNK4099: "" PDB не найден с "allegro_monolith-static.lib(wmouse.obj)" или на ""; компоновка объекта выполняется как при отсутствии отладочных данных
allegro_monolith-static.lib(wsystem.obj) : warning LNK4099: "allegro_monolith-static.pdb" PDB не найден с "allegro_monolith-static.lib(wsystem.obj)" или на "C:\Users\denfe\source\repos\CORNERS_TEST\x64\Release\allegro_monolith-static.pdb"; компоновка объекта выполняется как при отсутствии отладочных данных
allegro_monolith-static.lib(wthread.obj) : warning LNK4099: "allegro_monolith-static.pdb" PDB не найден с "allegro_monolith-static.lib(wthread.obj)" или на "C:\Users\denfe\source\repos\CORNERS_TEST\x64\Release\allegro_monolith-static.pdb"; компоновка объекта выполняется как при отсутствии отладочных данных
allegro_monolith-static.lib(wtime.obj) : warning LNK4099: "allegro_monolith-static.pdb" PDB не найден с "allegro_monolith-static.lib(wtime.obj)" или на "C:\Users\denfe\source\repos\CORNERS_TEST\x64\Release\allegro_monolith-static.pdb"; компоновка объекта выполняется как при отсутствии отладочных данных
allegro_monolith-static.lib(wtouch_input.obj) : warning LNK4099: "allegro_monolith-static.pdb" PDB не найден с "allegro_monolith-static.lib(wtouch_input.obj)" или на "C:\Users\denfe\source\repos\CORNERS_TEST\x64\Release\allegro_monolith-static.pdb"; компоновка объекта выполняется как при отсутствии отладочных данных
allegro_monolith-static.lib(wunicode.obj) : warning LNK4099: "allegro_monolith-static.pdb" PDB не найден с "allegro_monolith-static.lib(wunicode.obj)" или на "C:\Users\denfe\source\repos\CORNERS_TEST\x64\Release\allegro_monolith-static.pdb"; компоновка объекта выполняется как при отсутствии отладочных данных
allegro_monolith-static.lib(wwindow.obj) : warning LNK4099: "allegro_monolith-static.pdb" PDB не найден с "allegro_monolith-static.lib(wwindow.obj)" или на "C:\Users\denfe\source\repos\CORNERS_TEST\x64\Release\allegro_monolith-static.pdb"; компоновка объекта выполняется как при отсутствии отладочных данных
allegro_monolith-static.lib(wxthread.obj) : warning LNK4099: "allegro_monolith-static.pdb" PDB не найден с "allegro_monolith-static.lib(wxthread.obj)" или на "C:\Users\denfe\source\repos\CORNERS_TEST\x64\Release\allegro_monolith-static.pdb"; компоновка объекта выполняется как при отсутствии отладочных данных
allegro_monolith-static.lib(d3d_bmp.obj) : warning LNK4099: "allegro_monolith-static.pdb" PDB не найден с "allegro_monolith-static.lib(d3d_bmp.obj)" или на "C:\Users\denfe\source\repos\CORNERS_TEST\x64\Release\allegro_monolith-static.pdb"; компоновка объекта выполняется как при отсутствии отладочных данных
allegro_monolith-static.lib(d3d_disp.obj) : warning LNK4099: "allegro_monolith-static.pdb" PDB не найден с "allegro_monolith-static.lib(d3d_disp.obj)" или на "C:\Users\denfe\source\repos\CORNERS_TEST\x64\Release\allegro_monolith-static.pdb"; компоновка объекта выполняется как при отсутствии отладочных данных
allegro_monolith-static.lib(d3d_display_formats.obj) : warning LNK4099: "allegro_monolith-static.pdb" PDB не найден с "allegro_monolith-static.lib(d3d_display_formats.obj)" или на "C:\Users\denfe\source\repos\CORNERS_TEST\x64\Release\allegro_monolith-static.pdb"; компоновка объекта выполняется как при отсутствии отладочных данных
allegro_monolith-static.lib(d3d_render_state.obj) : warning LNK4099: "allegro_monolith-static.pdb" PDB не найден с "allegro_monolith-static.lib(d3d_render_state.obj)" или на "C:\Users\denfe\source\repos\CORNERS_TEST\x64\Release\allegro_monolith-static.pdb"; компоновка объекта выполняется как при отсутствии отладочных данных
allegro_monolith-static.lib(d3d_shader.obj) : warning LNK4099: "allegro_monolith-static.pdb" PDB не найден с "allegro_monolith-static.lib(d3d_shader.obj)" или на "C:\Users\denfe\source\repos\CORNERS_TEST\x64\Release\allegro_monolith-static.pdb"; компоновка объекта выполняется как при отсутствии отладочных данных
allegro_monolith-static.lib(d3d_d3dx9.obj) : warning LNK4099: "allegro_monolith-static.pdb" PDB не найден с "allegro_monolith-static.lib(d3d_d3dx9.obj)" или на "C:\Users\denfe\source\repos\CORNERS_TEST\x64\Release\allegro_monolith-static.pdb"; компоновка объекта выполняется как при отсутствии отладочных данных
allegro_monolith-static.lib(extensions.obj) : warning LNK4099: "allegro_monolith-static.pdb" PDB не найден с "allegro_monolith-static.lib(extensions.obj)" или на "C:\Users\denfe\source\repos\CORNERS_TEST\x64\Release\allegro_monolith-static.pdb"; компоновка объекта выполняется как при отсутствии отладочных данных
allegro_monolith-static.lib(ogl_bitmap.obj) : warning LNK4099: "allegro_monolith-static.pdb" PDB не найден с "allegro_monolith-static.lib(ogl_bitmap.obj)" или на "C:\Users\denfe\source\repos\CORNERS_TEST\x64\Release\allegro_monolith-static.pdb"; компоновка объекта выполняется как при отсутствии отладочных данных
allegro_monolith-static.lib(ogl_display.obj) : warning LNK4099: "allegro_monolith-static.pdb" PDB не найден с "allegro_monolith-static.lib(ogl_display.obj)" или на "C:\Users\denfe\source\repos\CORNERS_TEST\x64\Release\allegro_monolith-static.pdb"; компоновка объекта выполняется как при отсутствии отладочных данных
allegro_monolith-static.lib(ogl_draw.obj) : warning LNK4099: "allegro_monolith-static.pdb" PDB не найден с "allegro_monolith-static.lib(ogl_draw.obj)" или на "C:\Users\denfe\source\repos\CORNERS_TEST\x64\Release\allegro_monolith-static.pdb"; компоновка объекта выполняется как при отсутствии отладочных данных
allegro_monolith-static.lib(ogl_fbo.obj) : warning LNK4099: "allegro_monolith-static.pdb" PDB не найден с "allegro_monolith-static.lib(ogl_fbo.obj)" или на "C:\Users\denfe\source\repos\CORNERS_TEST\x64\Release\allegro_monolith-static.pdb"; компоновка объекта выполняется как при отсутствии отладочных данных
allegro_monolith-static.lib(ogl_lock.obj) : warning LNK4099: "allegro_monolith-static.pdb" PDB не найден с "allegro_monolith-static.lib(ogl_lock.obj)" или на "C:\Users\denfe\source\repos\CORNERS_TEST\x64\Release\allegro_monolith-static.pdb"; компоновка объекта выполняется как при отсутствии отладочных данных
allegro_monolith-static.lib(ogl_render_state.obj) : warning LNK4099: "allegro_monolith-static.pdb" PDB не найден с "allegro_monolith-static.lib(ogl_render_state.obj)" или на "C:\Users\denfe\source\repos\CORNERS_TEST\x64\Release\allegro_monolith-static.pdb"; компоновка объекта выполняется как при отсутствии отладочных данных
allegro_monolith-static.lib(ogl_shader.obj) : warning LNK4099: "allegro_monolith-static.pdb" PDB не найден с "allegro_monolith-static.lib(ogl_shader.obj)" или на "C:\Users\denfe\source\repos\CORNERS_TEST\x64\Release\allegro_monolith-static.pdb"; компоновка объекта выполняется как при отсутствии отладочных данных
allegro_monolith-static.lib(wgl_disp.obj) : warning LNK4099: "" PDB не найден с "allegro_monolith-static.lib(wgl_disp.obj)" или на ""; компоновка объекта выполняется как при отсутствии отладочных данных
allegro_monolith-static.lib(high_primitives.obj) : warning LNK4099: "allegro_monolith-static.pdb" PDB не найден с "allegro_monolith-static.lib(high_primitives.obj)" или на "C:\Users\denfe\source\repos\CORNERS_TEST\x64\Release\allegro_monolith-static.pdb"; компоновка объекта выполняется как при отсутствии отладочных данных
allegro_monolith-static.lib(line_soft.obj) : warning LNK4099: "allegro_monolith-static.pdb" PDB не найден с "allegro_monolith-static.lib(line_soft.obj)" или на "C:\Users\denfe\source\repos\CORNERS_TEST\x64\Release\allegro_monolith-static.pdb"; компоновка объекта выполняется как при отсутствии отладочных данных
allegro_monolith-static.lib(point_soft.obj) : warning LNK4099: "allegro_monolith-static.pdb" PDB не найден с "allegro_monolith-static.lib(point_soft.obj)" или на "C:\Users\denfe\source\repos\CORNERS_TEST\x64\Release\allegro_monolith-static.pdb"; компоновка объекта выполняется как при отсутствии отладочных данных
allegro_monolith-static.lib(prim_directx.obj) : warning LNK4099: "allegro_monolith-static.pdb" PDB не найден с "allegro_monolith-static.lib(prim_directx.obj)" или на "C:\Users\denfe\source\repos\CORNERS_TEST\x64\Release\allegro_monolith-static.pdb"; компоновка объекта выполняется как при отсутствии отладочных данных
allegro_monolith-static.lib(prim_opengl.obj) : warning LNK4099: "allegro_monolith-static.pdb" PDB не найден с "allegro_monolith-static.lib(prim_opengl.obj)" или на "C:\Users\denfe\source\repos\CORNERS_TEST\x64\Release\allegro_monolith-static.pdb"; компоновка объекта выполняется как при отсутствии отладочных данных
allegro_monolith-static.lib(prim_soft.obj) : warning LNK4099: "allegro_monolith-static.pdb" PDB не найден с "allegro_monolith-static.lib(prim_soft.obj)" или на "C:\Users\denfe\source\repos\CORNERS_TEST\x64\Release\allegro_monolith-static.pdb"; компоновка объекта выполняется как при отсутствии отладочных данных
allegro_monolith-static.lib(primitives.obj) : warning LNK4099: "allegro_monolith-static.pdb" PDB не найден с "allegro_monolith-static.lib(primitives.obj)" или на "C:\Users\denfe\source\repos\CORNERS_TEST\x64\Release\allegro_monolith-static.pdb"; компоновка объекта выполняется как при отсутствии отладочных данных
allegro_monolith-static.lib(directx_shaders.obj) : warning LNK4099: "allegro_monolith-static.pdb" PDB не найден с "allegro_monolith-static.lib(directx_shaders.obj)" или на "C:\Users\denfe\source\repos\CORNERS_TEST\x64\Release\allegro_monolith-static.pdb"; компоновка объекта выполняется как при отсутствии отладочных данных
allegro_monolith-static.lib(bmp.obj) : warning LNK4099: "allegro_monolith-static.pdb" PDB не найден с "allegro_monolith-static.lib(bmp.obj)" или на "C:\Users\denfe\source\repos\CORNERS_TEST\x64\Release\allegro_monolith-static.pdb"; компоновка объекта выполняется как при отсутствии отладочных данных
allegro_monolith-static.lib(iio.obj) : warning LNK4099: "allegro_monolith-static.pdb" PDB не найден с "allegro_monolith-static.lib(iio.obj)" или на "C:\Users\denfe\source\repos\CORNERS_TEST\x64\Release\allegro_monolith-static.pdb"; компоновка объекта выполняется как при отсутствии отладочных данных
allegro_monolith-static.lib(pcx.obj) : warning LNK4099: "" PDB не найден с "allegro_monolith-static.lib(pcx.obj)" или на ""; компоновка объекта выполняется как при отсутствии отладочных данных
allegro_monolith-static.lib(tga.obj) : warning LNK4099: "allegro_monolith-static.pdb" PDB не найден с "allegro_monolith-static.lib(tga.obj)" или на "C:\Users\denfe\source\repos\CORNERS_TEST\x64\Release\allegro_monolith-static.pdb"; компоновка объекта выполняется как при отсутствии отладочных данных
allegro_monolith-static.lib(dds.obj) : warning LNK4099: "allegro_monolith-static.pdb" PDB не найден с "allegro_monolith-static.lib(dds.obj)" или на "C:\Users\denfe\source\repos\CORNERS_TEST\x64\Release\allegro_monolith-static.pdb"; компоновка объекта выполняется как при отсутствии отладочных данных
allegro_monolith-static.lib(identify.obj) : warning LNK4099: "allegro_monolith-static.pdb" PDB не найден с "allegro_monolith-static.lib(identify.obj)" или на "C:\Users\denfe\source\repos\CORNERS_TEST\x64\Release\allegro_monolith-static.pdb"; компоновка объекта выполняется как при отсутствии отладочных данных
allegro_monolith-static.lib(png.obj) : warning LNK4099: "allegro_monolith-static.pdb" PDB не найден с "allegro_monolith-static.lib(png.obj)" или на "C:\Users\denfe\source\repos\CORNERS_TEST\x64\Release\allegro_monolith-static.pdb"; компоновка объекта выполняется как при отсутствии отладочных данных
allegro_monolith-static.lib(jpg.obj) : warning LNK4099: "allegro_monolith-static.pdb" PDB не найден с "allegro_monolith-static.lib(jpg.obj)" или на "C:\Users\denfe\source\repos\CORNERS_TEST\x64\Release\allegro_monolith-static.pdb"; компоновка объекта выполняется как при отсутствии отладочных данных
allegro_monolith-static.lib(webp.obj) : warning LNK4099: "allegro_monolith-static.pdb" PDB не найден с "allegro_monolith-static.lib(webp.obj)" или на "C:\Users\denfe\source\repos\CORNERS_TEST\x64\Release\allegro_monolith-static.pdb"; компоновка объекта выполняется как при отсутствии отладочных данных
allegro_monolith-static.lib(font.obj) : warning LNK4099: "allegro_monolith-static.pdb" PDB не найден с "allegro_monolith-static.lib(font.obj)" или на "C:\Users\denfe\source\repos\CORNERS_TEST\x64\Release\allegro_monolith-static.pdb"; компоновка объекта выполняется как при отсутствии отладочных данных
allegro_monolith-static.lib(fontbmp.obj) : warning LNK4099: "allegro_monolith-static.pdb" PDB не найден с "allegro_monolith-static.lib(fontbmp.obj)" или на "C:\Users\denfe\source\repos\CORNERS_TEST\x64\Release\allegro_monolith-static.pdb"; компоновка объекта выполняется как при отсутствии отладочных данных
allegro_monolith-static.lib(text.obj) : warning LNK4099: "allegro_monolith-static.pdb" PDB не найден с "allegro_monolith-static.lib(text.obj)" или на "C:\Users\denfe\source\repos\CORNERS_TEST\x64\Release\allegro_monolith-static.pdb"; компоновка объекта выполняется как при отсутствии отладочных данных
allegro_monolith-static.lib(bmfont.obj) : warning LNK4099: "allegro_monolith-static.pdb" PDB не найден с "allegro_monolith-static.lib(bmfont.obj)" или на "C:\Users\denfe\source\repos\CORNERS_TEST\x64\Release\allegro_monolith-static.pdb"; компоновка объекта выполняется как при отсутствии отладочных данных
allegro_monolith-static.lib(xml.obj) : warning LNK4099: "allegro_monolith-static.pdb" PDB не найден с "allegro_monolith-static.lib(xml.obj)" или на "C:\Users\denfe\source\repos\CORNERS_TEST\x64\Release\allegro_monolith-static.pdb"; компоновка объекта выполняется как при отсутствии отладочных данных
allegro_monolith-static.lib(ttf.obj) : warning LNK4099: "allegro_monolith-static.pdb" PDB не найден с "allegro_monolith-static.lib(ttf.obj)" или на "C:\Users\denfe\source\repos\CORNERS_TEST\x64\Release\allegro_monolith-static.pdb"; компоновка объекта выполняется как при отсутствии отладочных данных
allegro_monolith-static.lib(dialog.obj) : warning LNK4099: "allegro_monolith-static.pdb" PDB не найден с "allegro_monolith-static.lib(dialog.obj)" или на "C:\Users\denfe\source\repos\CORNERS_TEST\x64\Release\allegro_monolith-static.pdb"; компоновка объекта выполняется как при отсутствии отладочных данных
allegro_monolith-static.lib(textlog.obj) : warning LNK4099: "allegro_monolith-static.pdb" PDB не найден с "allegro_monolith-static.lib(textlog.obj)" или на "C:\Users\denfe\source\repos\CORNERS_TEST\x64\Release\allegro_monolith-static.pdb"; компоновка объекта выполняется как при отсутствии отладочных данных
allegro_monolith-static.lib(menu.obj) : warning LNK4099: "allegro_monolith-static.pdb" PDB не найден с "allegro_monolith-static.lib(menu.obj)" или на "C:\Users\denfe\source\repos\CORNERS_TEST\x64\Release\allegro_monolith-static.pdb"; компоновка объекта выполняется как при отсутствии отладочных данных
allegro_monolith-static.lib(win_dialog.obj) : warning LNK4099: "allegro_monolith-static.pdb" PDB не найден с "allegro_monolith-static.lib(win_dialog.obj)" или на "C:\Users\denfe\source\repos\CORNERS_TEST\x64\Release\allegro_monolith-static.pdb"; компоновка объекта выполняется как при отсутствии отладочных данных
jpeg.lib(jcapimin.obj) : warning LNK4099: "jpeg.pdb" PDB не найден с "jpeg.lib(jcapimin.obj)" или на "C:\Users\denfe\source\repos\CORNERS_TEST\x64\Release\jpeg.pdb"; компоновка объекта выполняется как при отсутствии отладочных данных
jpeg.lib(jcapistd.obj) : warning LNK4099: "jpeg.pdb" PDB не найден с "jpeg.lib(jcapistd.obj)" или на "C:\Users\denfe\source\repos\CORNERS_TEST\x64\Release\jpeg.pdb"; компоновка объекта выполняется как при отсутствии отладочных данных
jpeg.lib(jccoefct.obj) : warning LNK4099: "" PDB не найден с "jpeg.lib(jccoefct.obj)" или на ""; компоновка объекта выполняется как при отсутствии отладочных данных
jpeg.lib(jccolor.obj) : warning LNK4099: "jpeg.pdb" PDB не найден с "jpeg.lib(jccolor.obj)" или на "C:\Users\denfe\source\repos\CORNERS_TEST\x64\Release\jpeg.pdb"; компоновка объекта выполняется как при отсутствии отладочных данных
jpeg.lib(jcdctmgr.obj) : warning LNK4099: "jpeg.pdb" PDB не найден с "jpeg.lib(jcdctmgr.obj)" или на "C:\Users\denfe\source\repos\CORNERS_TEST\x64\Release\jpeg.pdb"; компоновка объекта выполняется как при отсутствии отладочных данных
jpeg.lib(jchuff.obj) : warning LNK4099: "jpeg.pdb" PDB не найден с "jpeg.lib(jchuff.obj)" или на "C:\Users\denfe\source\repos\CORNERS_TEST\x64\Release\jpeg.pdb"; компоновка объекта выполняется как при отсутствии отладочных данных
jpeg.lib(jcinit.obj) : warning LNK4099: "jpeg.pdb" PDB не найден с "jpeg.lib(jcinit.obj)" или на "C:\Users\denfe\source\repos\CORNERS_TEST\x64\Release\jpeg.pdb"; компоновка объекта выполняется как при отсутствии отладочных данных
jpeg.lib(jcmainct.obj) : warning LNK4099: "jpeg.pdb" PDB не найден с "jpeg.lib(jcmainct.obj)" или на "C:\Users\denfe\source\repos\CORNERS_TEST\x64\Release\jpeg.pdb"; компоновка объекта выполняется как при отсутствии отладочных данных
jpeg.lib(jcmarker.obj) : warning LNK4099: "jpeg.pdb" PDB не найден с "jpeg.lib(jcmarker.obj)" или на "C:\Users\denfe\source\repos\CORNERS_TEST\x64\Release\jpeg.pdb"; компоновка объекта выполняется как при отсутствии отладочных данных
jpeg.lib(jcmaster.obj) : warning LNK4099: "jpeg.pdb" PDB не найден с "jpeg.lib(jcmaster.obj)" или на "C:\Users\denfe\source\repos\CORNERS_TEST\x64\Release\jpeg.pdb"; компоновка объекта выполняется как при отсутствии отладочных данных
jpeg.lib(jcomapi.obj) : warning LNK4099: "jpeg.pdb" PDB не найден с "jpeg.lib(jcomapi.obj)" или на "C:\Users\denfe\source\repos\CORNERS_TEST\x64\Release\jpeg.pdb"; компоновка объекта выполняется как при отсутствии отладочных данных
jpeg.lib(jcparam.obj) : warning LNK4099: "jpeg.pdb" PDB не найден с "jpeg.lib(jcparam.obj)" или на "C:\Users\denfe\source\repos\CORNERS_TEST\x64\Release\jpeg.pdb"; компоновка объекта выполняется как при отсутствии отладочных данных
jpeg.lib(jcphuff.obj) : warning LNK4099: "jpeg.pdb" PDB не найден с "jpeg.lib(jcphuff.obj)" или на "C:\Users\denfe\source\repos\CORNERS_TEST\x64\Release\jpeg.pdb"; компоновка объекта выполняется как при отсутствии отладочных данных
jpeg.lib(jcprepct.obj) : warning LNK4099: "jpeg.pdb" PDB не найден с "jpeg.lib(jcprepct.obj)" или на "C:\Users\denfe\source\repos\CORNERS_TEST\x64\Release\jpeg.pdb"; компоновка объекта выполняется как при отсутствии отладочных данных
jpeg.lib(jcsample.obj) : warning LNK4099: "jpeg.pdb" PDB не найден с "jpeg.lib(jcsample.obj)" или на "C:\Users\denfe\source\repos\CORNERS_TEST\x64\Release\jpeg.pdb"; компоновка объекта выполняется как при отсутствии отладочных данных
jpeg.lib(jdapimin.obj) : warning LNK4099: "jpeg.pdb" PDB не найден с "jpeg.lib(jdapimin.obj)" или на "C:\Users\denfe\source\repos\CORNERS_TEST\x64\Release\jpeg.pdb"; компоновка объекта выполняется как при отсутствии отладочных данных
jpeg.lib(jdapistd.obj) : warning LNK4099: "jpeg.pdb" PDB не найден с "jpeg.lib(jdapistd.obj)" или на "C:\Users\denfe\source\repos\CORNERS_TEST\x64\Release\jpeg.pdb"; компоновка объекта выполняется как при отсутствии отладочных данных
jpeg.lib(jdcoefct.obj) : warning LNK4099: "jpeg.pdb" PDB не найден с "jpeg.lib(jdcoefct.obj)" или на "C:\Users\denfe\source\repos\CORNERS_TEST\x64\Release\jpeg.pdb"; компоновка объекта выполняется как при отсутствии отладочных данных
jpeg.lib(jdcolor.obj) : warning LNK4099: "jpeg.pdb" PDB не найден с "jpeg.lib(jdcolor.obj)" или на "C:\Users\denfe\source\repos\CORNERS_TEST\x64\Release\jpeg.pdb"; компоновка объекта выполняется как при отсутствии отладочных данных
jpeg.lib(jddctmgr.obj) : warning LNK4099: "" PDB не найден с "jpeg.lib(jddctmgr.obj)" или на ""; компоновка объекта выполняется как при отсутствии отладочных данных
jpeg.lib(jdhuff.obj) : warning LNK4099: "jpeg.pdb" PDB не найден с "jpeg.lib(jdhuff.obj)" или на "C:\Users\denfe\source\repos\CORNERS_TEST\x64\Release\jpeg.pdb"; компоновка объекта выполняется как при отсутствии отладочных данных
jpeg.lib(jdinput.obj) : warning LNK4099: "jpeg.pdb" PDB не найден с "jpeg.lib(jdinput.obj)" или на "C:\Users\denfe\source\repos\CORNERS_TEST\x64\Release\jpeg.pdb"; компоновка объекта выполняется как при отсутствии отладочных данных
jpeg.lib(jdmainct.obj) : warning LNK4099: "jpeg.pdb" PDB не найден с "jpeg.lib(jdmainct.obj)" или на "C:\Users\denfe\source\repos\CORNERS_TEST\x64\Release\jpeg.pdb"; компоновка объекта выполняется как при отсутствии отладочных данных
jpeg.lib(jdmarker.obj) : warning LNK4099: "jpeg.pdb" PDB не найден с "jpeg.lib(jdmarker.obj)" или на "C:\Users\denfe\source\repos\CORNERS_TEST\x64\Release\jpeg.pdb"; компоновка объекта выполняется как при отсутствии отладочных данных
jpeg.lib(jdmaster.obj) : warning LNK4099: "jpeg.pdb" PDB не найден с "jpeg.lib(jdmaster.obj)" или на "C:\Users\denfe\source\repos\CORNERS_TEST\x64\Release\jpeg.pdb"; компоновка объекта выполняется как при отсутствии отладочных данных
jpeg.lib(jdmerge.obj) : warning LNK4099: "jpeg.pdb" PDB не найден с "jpeg.lib(jdmerge.obj)" или на "C:\Users\denfe\source\repos\CORNERS_TEST\x64\Release\jpeg.pdb"; компоновка объекта выполняется как при отсутствии отладочных данных
jpeg.lib(jdphuff.obj) : warning LNK4099: "" PDB не найден с "jpeg.lib(jdphuff.obj)" или на ""; компоновка объекта выполняется как при отсутствии отладочных данных
jpeg.lib(jdpostct.obj) : warning LNK4099: "jpeg.pdb" PDB не найден с "jpeg.lib(jdpostct.obj)" или на "C:\Users\denfe\source\repos\CORNERS_TEST\x64\Release\jpeg.pdb"; компоновка объекта выполняется как при отсутствии отладочных данных
jpeg.lib(jdsample.obj) : warning LNK4099: "" PDB не найден с "jpeg.lib(jdsample.obj)" или на ""; компоновка объекта выполняется как при отсутствии отладочных данных
jpeg.lib(jerror.obj) : warning LNK4099: "jpeg.pdb" PDB не найден с "jpeg.lib(jerror.obj)" или на "C:\Users\denfe\source\repos\CORNERS_TEST\x64\Release\jpeg.pdb"; компоновка объекта выполняется как при отсутствии отладочных данных
jpeg.lib(jfdctflt.obj) : warning LNK4099: "jpeg.pdb" PDB не найден с "jpeg.lib(jfdctflt.obj)" или на "C:\Users\denfe\source\repos\CORNERS_TEST\x64\Release\jpeg.pdb"; компоновка объекта выполняется как при отсутствии отладочных данных
jpeg.lib(jfdctfst.obj) : warning LNK4099: "jpeg.pdb" PDB не найден с "jpeg.lib(jfdctfst.obj)" или на "C:\Users\denfe\source\repos\CORNERS_TEST\x64\Release\jpeg.pdb"; компоновка объекта выполняется как при отсутствии отладочных данных
jpeg.lib(jfdctint.obj) : warning LNK4099: "jpeg.pdb" PDB не найден с "jpeg.lib(jfdctint.obj)" или на "C:\Users\denfe\source\repos\CORNERS_TEST\x64\Release\jpeg.pdb"; компоновка объекта выполняется как при отсутствии отладочных данных
jpeg.lib(jidctflt.obj) : warning LNK4099: "jpeg.pdb" PDB не найден с "jpeg.lib(jidctflt.obj)" или на "C:\Users\denfe\source\repos\CORNERS_TEST\x64\Release\jpeg.pdb"; компоновка объекта выполняется как при отсутствии отладочных данных
jpeg.lib(jidctfst.obj) : warning LNK4099: "jpeg.pdb" PDB не найден с "jpeg.lib(jidctfst.obj)" или на "C:\Users\denfe\source\repos\CORNERS_TEST\x64\Release\jpeg.pdb"; компоновка объекта выполняется как при отсутствии отладочных данных
jpeg.lib(jidctint.obj) : warning LNK4099: "jpeg.pdb" PDB не найден с "jpeg.lib(jidctint.obj)" или на "C:\Users\denfe\source\repos\CORNERS_TEST\x64\Release\jpeg.pdb"; компоновка объекта выполняется как при отсутствии отладочных данных
jpeg.lib(jidctred.obj) : warning LNK4099: "jpeg.pdb" PDB не найден с "jpeg.lib(jidctred.obj)" или на "C:\Users\denfe\source\repos\CORNERS_TEST\x64\Release\jpeg.pdb"; компоновка объекта выполняется как при отсутствии отладочных данных
jpeg.lib(jquant1.obj) : warning LNK4099: "jpeg.pdb" PDB не найден с "jpeg.lib(jquant1.obj)" или на "C:\Users\denfe\source\repos\CORNERS_TEST\x64\Release\jpeg.pdb"; компоновка объекта выполняется как при отсутствии отладочных данных
jpeg.lib(jquant2.obj) : warning LNK4099: "jpeg.pdb" PDB не найден с "jpeg.lib(jquant2.obj)" или на "C:\Users\denfe\source\repos\CORNERS_TEST\x64\Release\jpeg.pdb"; компоновка объекта выполняется как при отсутствии отладочных данных
jpeg.lib(jutils.obj) : warning LNK4099: "jpeg.pdb" PDB не найден с "jpeg.lib(jutils.obj)" или на "C:\Users\denfe\source\repos\CORNERS_TEST\x64\Release\jpeg.pdb"; компоновка объекта выполняется как при отсутствии отладочных данных
jpeg.lib(jmemmgr.obj) : warning LNK4099: "jpeg.pdb" PDB не найден с "jpeg.lib(jmemmgr.obj)" или на "C:\Users\denfe\source\repos\CORNERS_TEST\x64\Release\jpeg.pdb"; компоновка объекта выполняется как при отсутствии отладочных данных
jpeg.lib(jmemnobs.obj) : warning LNK4099: "jpeg.pdb" PDB не найден с "jpeg.lib(jmemnobs.obj)" или на "C:\Users\denfe\source\repos\CORNERS_TEST\x64\Release\jpeg.pdb"; компоновка объекта выполняется как при отсутствии отладочных данных
jpeg.lib(jaricom.obj) : warning LNK4099: "jpeg.pdb" PDB не найден с "jpeg.lib(jaricom.obj)" или на "C:\Users\denfe\source\repos\CORNERS_TEST\x64\Release\jpeg.pdb"; компоновка объекта выполняется как при отсутствии отладочных данных
jpeg.lib(jcarith.obj) : warning LNK4099: "jpeg.pdb" PDB не найден с "jpeg.lib(jcarith.obj)" или на "C:\Users\denfe\source\repos\CORNERS_TEST\x64\Release\jpeg.pdb"; компоновка объекта выполняется как при отсутствии отладочных данных
jpeg.lib(jdarith.obj) : warning LNK4099: "jpeg.pdb" PDB не найден с "jpeg.lib(jdarith.obj)" или на "C:\Users\denfe\source\repos\CORNERS_TEST\x64\Release\jpeg.pdb"; компоновка объекта выполняется как при отсутствии отладочных данных
jpeg.lib(jsimd.obj) : warning LNK4099: "simd.pdb" PDB не найден с "jpeg.lib(jsimd.obj)" или на "C:\Users\denfe\source\repos\CORNERS_TEST\x64\Release\simd.pdb"; компоновка объекта выполняется как при отсутствии отладочных данных
libpng16.lib(png.obj) : warning LNK4099: "" PDB не найден с "libpng16.lib(png.obj)" или на ""; компоновка объекта выполняется как при отсутствии отладочных данных
libpng16.lib(pngerror.obj) : warning LNK4099: "libpng16.pdb" PDB не найден с "libpng16.lib(pngerror.obj)" или на "C:\Users\denfe\source\repos\CORNERS_TEST\x64\Release\libpng16.pdb"; компоновка объекта выполняется как при отсутствии отладочных данных
libpng16.lib(pngget.obj) : warning LNK4099: "libpng16.pdb" PDB не найден с "libpng16.lib(pngget.obj)" или на "C:\Users\denfe\source\repos\CORNERS_TEST\x64\Release\libpng16.pdb"; компоновка объекта выполняется как при отсутствии отладочных данных
libpng16.lib(pngmem.obj) : warning LNK4099: "libpng16.pdb" PDB не найден с "libpng16.lib(pngmem.obj)" или на "C:\Users\denfe\source\repos\CORNERS_TEST\x64\Release\libpng16.pdb"; компоновка объекта выполняется как при отсутствии отладочных данных
libpng16.lib(pngread.obj) : warning LNK4099: "libpng16.pdb" PDB не найден с "libpng16.lib(pngread.obj)" или на "C:\Users\denfe\source\repos\CORNERS_TEST\x64\Release\libpng16.pdb"; компоновка объекта выполняется как при отсутствии отладочных данных
libpng16.lib(pngrio.obj) : warning LNK4099: "libpng16.pdb" PDB не найден с "libpng16.lib(pngrio.obj)" или на "C:\Users\denfe\source\repos\CORNERS_TEST\x64\Release\libpng16.pdb"; компоновка объекта выполняется как при отсутствии отладочных данных
libpng16.lib(pngrtran.obj) : warning LNK4099: "libpng16.pdb" PDB не найден с "libpng16.lib(pngrtran.obj)" или на "C:\Users\denfe\source\repos\CORNERS_TEST\x64\Release\libpng16.pdb"; компоновка объекта выполняется как при отсутствии отладочных данных
libpng16.lib(pngrutil.obj) : warning LNK4099: "libpng16.pdb" PDB не найден с "libpng16.lib(pngrutil.obj)" или на "C:\Users\denfe\source\repos\CORNERS_TEST\x64\Release\libpng16.pdb"; компоновка объекта выполняется как при отсутствии отладочных данных
libpng16.lib(pngset.obj) : warning LNK4099: "libpng16.pdb" PDB не найден с "libpng16.lib(pngset.obj)" или на "C:\Users\denfe\source\repos\CORNERS_TEST\x64\Release\libpng16.pdb"; компоновка объекта выполняется как при отсутствии отладочных данных
libpng16.lib(pngtrans.obj) : warning LNK4099: "libpng16.pdb" PDB не найден с "libpng16.lib(pngtrans.obj)" или на "C:\Users\denfe\source\repos\CORNERS_TEST\x64\Release\libpng16.pdb"; компоновка объекта выполняется как при отсутствии отладочных данных
libpng16.lib(pngwio.obj) : warning LNK4099: "libpng16.pdb" PDB не найден с "libpng16.lib(pngwio.obj)" или на "C:\Users\denfe\source\repos\CORNERS_TEST\x64\Release\libpng16.pdb"; компоновка объекта выполняется как при отсутствии отладочных данных
libpng16.lib(pngwrite.obj) : warning LNK4099: "libpng16.pdb" PDB не найден с "libpng16.lib(pngwrite.obj)" или на "C:\Users\denfe\source\repos\CORNERS_TEST\x64\Release\libpng16.pdb"; компоновка объекта выполняется как при отсутствии отладочных данных
libpng16.lib(pngwtran.obj) : warning LNK4099: "" PDB не найден с "libpng16.lib(pngwtran.obj)" или на ""; компоновка объекта выполняется как при отсутствии отладочных данных
libpng16.lib(pngwutil.obj) : warning LNK4099: "libpng16.pdb" PDB не найден с "libpng16.lib(pngwutil.obj)" или на "C:\Users\denfe\source\repos\CORNERS_TEST\x64\Release\libpng16.pdb"; компоновка объекта выполняется как при отсутствии отладочных данных
zlib.lib(adler32.obj) : warning LNK4099: "zlib.pdb" PDB не найден с "zlib.lib(adler32.obj)" или на "C:\Users\denfe\source\repos\CORNERS_TEST\x64\Release\zlib.pdb"; компоновка объекта выполняется как при отсутствии отладочных данных
zlib.lib(crc32.obj) : warning LNK4099: "zlib.pdb" PDB не найден с "zlib.lib(crc32.obj)" или на "C:\Users\denfe\source\repos\CORNERS_TEST\x64\Release\zlib.pdb"; компоновка объекта выполняется как при отсутствии отладочных данных
zlib.lib(deflate.obj) : warning LNK4099: "" PDB не найден с "zlib.lib(deflate.obj)" или на ""; компоновка объекта выполняется как при отсутствии отладочных данных
zlib.lib(inflate.obj) : warning LNK4099: "zlib.pdb" PDB не найден с "zlib.lib(inflate.obj)" или на "C:\Users\denfe\source\repos\CORNERS_TEST\x64\Release\zlib.pdb"; компоновка объекта выполняется как при отсутствии отладочных данных
zlib.lib(inftrees.obj) : warning LNK4099: "zlib.pdb" PDB не найден с "zlib.lib(inftrees.obj)" или на "C:\Users\denfe\source\repos\CORNERS_TEST\x64\Release\zlib.pdb"; компоновка объекта выполняется как при отсутствии отладочных данных
zlib.lib(inffast.obj) : warning LNK4099: "zlib.pdb" PDB не найден с "zlib.lib(inffast.obj)" или на "C:\Users\denfe\source\repos\CORNERS_TEST\x64\Release\zlib.pdb"; компоновка объекта выполняется как при отсутствии отладочных данных
zlib.lib(trees.obj) : warning LNK4099: "" PDB не найден с "zlib.lib(trees.obj)" или на ""; компоновка объекта выполняется как при отсутствии отладочных данных
zlib.lib(zutil.obj) : warning LNK4099: "zlib.pdb" PDB не найден с "zlib.lib(zutil.obj)" или на "C:\Users\denfe\source\repos\CORNERS_TEST\x64\Release\zlib.pdb"; компоновка объекта выполняется как при отсутствии отладочных данных
webp.lib(alpha_dec.obj) : warning LNK4099: "webpdecode.pdb" PDB не найден с "webp.lib(alpha_dec.obj)" или на "C:\Users\denfe\source\repos\CORNERS_TEST\x64\Release\webpdecode.pdb"; компоновка объекта выполняется как при отсутствии отладочных данных
webp.lib(buffer_dec.obj) : warning LNK4099: "webpdecode.pdb" PDB не найден с "webp.lib(buffer_dec.obj)" или на "C:\Users\denfe\source\repos\CORNERS_TEST\x64\Release\webpdecode.pdb"; компоновка объекта выполняется как при отсутствии отладочных данных
webp.lib(frame_dec.obj) : warning LNK4099: "" PDB не найден с "webp.lib(frame_dec.obj)" или на ""; компоновка объекта выполняется как при отсутствии отладочных данных
webp.lib(io_dec.obj) : warning LNK4099: "" PDB не найден с "webp.lib(io_dec.obj)" или на ""; компоновка объекта выполняется как при отсутствии отладочных данных
webp.lib(quant_dec.obj) : warning LNK4099: "webpdecode.pdb" PDB не найден с "webp.lib(quant_dec.obj)" или на "C:\Users\denfe\source\repos\CORNERS_TEST\x64\Release\webpdecode.pdb"; компоновка объекта выполняется как при отсутствии отладочных данных
webp.lib(tree_dec.obj) : warning LNK4099: "webpdecode.pdb" PDB не найден с "webp.lib(tree_dec.obj)" или на "C:\Users\denfe\source\repos\CORNERS_TEST\x64\Release\webpdecode.pdb"; компоновка объекта выполняется как при отсутствии отладочных данных
webp.lib(vp8_dec.obj) : warning LNK4099: "webpdecode.pdb" PDB не найден с "webp.lib(vp8_dec.obj)" или на "C:\Users\denfe\source\repos\CORNERS_TEST\x64\Release\webpdecode.pdb"; компоновка объекта выполняется как при отсутствии отладочных данных
webp.lib(vp8l_dec.obj) : warning LNK4099: "" PDB не найден с "webp.lib(vp8l_dec.obj)" или на ""; компоновка объекта выполняется как при отсутствии отладочных данных
webp.lib(webp_dec.obj) : warning LNK4099: "webpdecode.pdb" PDB не найден с "webp.lib(webp_dec.obj)" или на "C:\Users\denfe\source\repos\CORNERS_TEST\x64\Release\webpdecode.pdb"; компоновка объекта выполняется как при отсутствии отладочных данных
webp.lib(alpha_processing.obj) : warning LNK4099: "webpdsp.pdb" PDB не найден с "webp.lib(alpha_processing.obj)" или на "C:\Users\denfe\source\repos\CORNERS_TEST\x64\Release\webpdsp.pdb"; компоновка объекта выполняется как при отсутствии отладочных данных
webp.lib(cpu.obj) : warning LNK4099: "" PDB не найден с "webp.lib(cpu.obj)" или на ""; компоновка объекта выполняется как при отсутствии отладочных данных
webp.lib(dec.obj) : warning LNK4099: "webpdsp.pdb" PDB не найден с "webp.lib(dec.obj)" или на "C:\Users\denfe\source\repos\CORNERS_TEST\x64\Release\webpdsp.pdb"; компоновка объекта выполняется как при отсутствии отладочных данных
webp.lib(dec_clip_tables.obj) : warning LNK4099: "webpdsp.pdb" PDB не найден с "webp.lib(dec_clip_tables.obj)" или на "C:\Users\denfe\source\repos\CORNERS_TEST\x64\Release\webpdsp.pdb"; компоновка объекта выполняется как при отсутствии отладочных данных
webp.lib(filters.obj) : warning LNK4099: "webpdsp.pdb" PDB не найден с "webp.lib(filters.obj)" или на "C:\Users\denfe\source\repos\CORNERS_TEST\x64\Release\webpdsp.pdb"; компоновка объекта выполняется как при отсутствии отладочных данных
webp.lib(lossless.obj) : warning LNK4099: "webpdsp.pdb" PDB не найден с "webp.lib(lossless.obj)" или на "C:\Users\denfe\source\repos\CORNERS_TEST\x64\Release\webpdsp.pdb"; компоновка объекта выполняется как при отсутствии отладочных данных
webp.lib(rescaler.obj) : warning LNK4099: "webpdsp.pdb" PDB не найден с "webp.lib(rescaler.obj)" или на "C:\Users\denfe\source\repos\CORNERS_TEST\x64\Release\webpdsp.pdb"; компоновка объекта выполняется как при отсутствии отладочных данных
webp.lib(upsampling.obj) : warning LNK4099: "webpdsp.pdb" PDB не найден с "webp.lib(upsampling.obj)" или на "C:\Users\denfe\source\repos\CORNERS_TEST\x64\Release\webpdsp.pdb"; компоновка объекта выполняется как при отсутствии отладочных данных
webp.lib(yuv.obj) : warning LNK4099: "webpdsp.pdb" PDB не найден с "webp.lib(yuv.obj)" или на "C:\Users\denfe\source\repos\CORNERS_TEST\x64\Release\webpdsp.pdb"; компоновка объекта выполняется как при отсутствии отладочных данных
webp.lib(alpha_processing_sse41.obj) : warning LNK4099: "webpdsp.pdb" PDB не найден с "webp.lib(alpha_processing_sse41.obj)" или на "C:\Users\denfe\source\repos\CORNERS_TEST\x64\Release\webpdsp.pdb"; компоновка объекта выполняется как при отсутствии отладочных данных
webp.lib(dec_sse41.obj) : warning LNK4099: "webpdsp.pdb" PDB не найден с "webp.lib(dec_sse41.obj)" или на "C:\Users\denfe\source\repos\CORNERS_TEST\x64\Release\webpdsp.pdb"; компоновка объекта выполняется как при отсутствии отладочных данных
webp.lib(upsampling_sse41.obj) : warning LNK4099: "webpdsp.pdb" PDB не найден с "webp.lib(upsampling_sse41.obj)" или на "C:\Users\denfe\source\repos\CORNERS_TEST\x64\Release\webpdsp.pdb"; компоновка объекта выполняется как при отсутствии отладочных данных
webp.lib(yuv_sse41.obj) : warning LNK4099: "webpdsp.pdb" PDB не найден с "webp.lib(yuv_sse41.obj)" или на "C:\Users\denfe\source\repos\CORNERS_TEST\x64\Release\webpdsp.pdb"; компоновка объекта выполняется как при отсутствии отладочных данных
webp.lib(alpha_processing_sse2.obj) : warning LNK4099: "webpdsp.pdb" PDB не найден с "webp.lib(alpha_processing_sse2.obj)" или на "C:\Users\denfe\source\repos\CORNERS_TEST\x64\Release\webpdsp.pdb"; компоновка объекта выполняется как при отсутствии отладочных данных
webp.lib(dec_sse2.obj) : warning LNK4099: "webpdsp.pdb" PDB не найден с "webp.lib(dec_sse2.obj)" или на "C:\Users\denfe\source\repos\CORNERS_TEST\x64\Release\webpdsp.pdb"; компоновка объекта выполняется как при отсутствии отладочных данных
webp.lib(filters_sse2.obj) : warning LNK4099: "" PDB не найден с "webp.lib(filters_sse2.obj)" или на ""; компоновка объекта выполняется как при отсутствии отладочных данных
webp.lib(lossless_sse2.obj) : warning LNK4099: "" PDB не найден с "webp.lib(lossless_sse2.obj)" или на ""; компоновка объекта выполняется как при отсутствии отладочных данных
webp.lib(rescaler_sse2.obj) : warning LNK4099: "" PDB не найден с "webp.lib(rescaler_sse2.obj)" или на ""; компоновка объекта выполняется как при отсутствии отладочных данных
webp.lib(upsampling_sse2.obj) : warning LNK4099: "" PDB не найден с "webp.lib(upsampling_sse2.obj)" или на ""; компоновка объекта выполняется как при отсутствии отладочных данных
webp.lib(yuv_sse2.obj) : warning LNK4099: "" PDB не найден с "webp.lib(yuv_sse2.obj)" или на ""; компоновка объекта выполняется как при отсутствии отладочных данных
webp.lib(cost.obj) : warning LNK4099: "webpdsp.pdb" PDB не найден с "webp.lib(cost.obj)" или на "C:\Users\denfe\source\repos\CORNERS_TEST\x64\Release\webpdsp.pdb"; компоновка объекта выполняется как при отсутствии отладочных данных
webp.lib(enc.obj) : warning LNK4099: "webpdsp.pdb" PDB не найден с "webp.lib(enc.obj)" или на "C:\Users\denfe\source\repos\CORNERS_TEST\x64\Release\webpdsp.pdb"; компоновка объекта выполняется как при отсутствии отладочных данных
webp.lib(lossless_enc.obj) : warning LNK4099: "webpdsp.pdb" PDB не найден с "webp.lib(lossless_enc.obj)" или на "C:\Users\denfe\source\repos\CORNERS_TEST\x64\Release\webpdsp.pdb"; компоновка объекта выполняется как при отсутствии отладочных данных
webp.lib(ssim.obj) : warning LNK4099: "webpdsp.pdb" PDB не найден с "webp.lib(ssim.obj)" или на "C:\Users\denfe\source\repos\CORNERS_TEST\x64\Release\webpdsp.pdb"; компоновка объекта выполняется как при отсутствии отладочных данных
webp.lib(cost_sse2.obj) : warning LNK4099: "webpdsp.pdb" PDB не найден с "webp.lib(cost_sse2.obj)" или на "C:\Users\denfe\source\repos\CORNERS_TEST\x64\Release\webpdsp.pdb"; компоновка объекта выполняется как при отсутствии отладочных данных
webp.lib(enc_sse2.obj) : warning LNK4099: "webpdsp.pdb" PDB не найден с "webp.lib(enc_sse2.obj)" или на "C:\Users\denfe\source\repos\CORNERS_TEST\x64\Release\webpdsp.pdb"; компоновка объекта выполняется как при отсутствии отладочных данных
webp.lib(lossless_enc_sse2.obj) : warning LNK4099: "webpdsp.pdb" PDB не найден с "webp.lib(lossless_enc_sse2.obj)" или на "C:\Users\denfe\source\repos\CORNERS_TEST\x64\Release\webpdsp.pdb"; компоновка объекта выполняется как при отсутствии отладочных данных
webp.lib(ssim_sse2.obj) : warning LNK4099: "webpdsp.pdb" PDB не найден с "webp.lib(ssim_sse2.obj)" или на "C:\Users\denfe\source\repos\CORNERS_TEST\x64\Release\webpdsp.pdb"; компоновка объекта выполняется как при отсутствии отладочных данных
webp.lib(enc_sse41.obj) : warning LNK4099: "webpdsp.pdb" PDB не найден с "webp.lib(enc_sse41.obj)" или на "C:\Users\denfe\source\repos\CORNERS_TEST\x64\Release\webpdsp.pdb"; компоновка объекта выполняется как при отсутствии отладочных данных
webp.lib(lossless_enc_sse41.obj) : warning LNK4099: "webpdsp.pdb" PDB не найден с "webp.lib(lossless_enc_sse41.obj)" или на "C:\Users\denfe\source\repos\CORNERS_TEST\x64\Release\webpdsp.pdb"; компоновка объекта выполняется как при отсутствии отладочных данных
webp.lib(alpha_enc.obj) : warning LNK4099: "webpencode.pdb" PDB не найден с "webp.lib(alpha_enc.obj)" или на "C:\Users\denfe\source\repos\CORNERS_TEST\x64\Release\webpencode.pdb"; компоновка объекта выполняется как при отсутствии отладочных данных
webp.lib(analysis_enc.obj) : warning LNK4099: "webpencode.pdb" PDB не найден с "webp.lib(analysis_enc.obj)" или на "C:\Users\denfe\source\repos\CORNERS_TEST\x64\Release\webpencode.pdb"; компоновка объекта выполняется как при отсутствии отладочных данных
webp.lib(backward_references_cost_enc.obj) : warning LNK4099: "" PDB не найден с "webp.lib(backward_references_cost_enc.obj)" или на ""; компоновка объекта выполняется как при отсутствии отладочных данных
webp.lib(backward_references_enc.obj) : warning LNK4099: "webpencode.pdb" PDB не найден с "webp.lib(backward_references_enc.obj)" или на "C:\Users\denfe\source\repos\CORNERS_TEST\x64\Release\webpencode.pdb"; компоновка объекта выполняется как при отсутствии отладочных данных
webp.lib(config_enc.obj) : warning LNK4099: "webpencode.pdb" PDB не найден с "webp.lib(config_enc.obj)" или на "C:\Users\denfe\source\repos\CORNERS_TEST\x64\Release\webpencode.pdb"; компоновка объекта выполняется как при отсутствии отладочных данных
webp.lib(cost_enc.obj) : warning LNK4099: "webpencode.pdb" PDB не найден с "webp.lib(cost_enc.obj)" или на "C:\Users\denfe\source\repos\CORNERS_TEST\x64\Release\webpencode.pdb"; компоновка объекта выполняется как при отсутствии отладочных данных
webp.lib(filter_enc.obj) : warning LNK4099: "webpencode.pdb" PDB не найден с "webp.lib(filter_enc.obj)" или на "C:\Users\denfe\source\repos\CORNERS_TEST\x64\Release\webpencode.pdb"; компоновка объекта выполняется как при отсутствии отладочных данных
webp.lib(frame_enc.obj) : warning LNK4099: "webpencode.pdb" PDB не найден с "webp.lib(frame_enc.obj)" или на "C:\Users\denfe\source\repos\CORNERS_TEST\x64\Release\webpencode.pdb"; компоновка объекта выполняется как при отсутствии отладочных данных
webp.lib(histogram_enc.obj) : warning LNK4099: "webpencode.pdb" PDB не найден с "webp.lib(histogram_enc.obj)" или на "C:\Users\denfe\source\repos\CORNERS_TEST\x64\Release\webpencode.pdb"; компоновка объекта выполняется как при отсутствии отладочных данных
webp.lib(iterator_enc.obj) : warning LNK4099: "webpencode.pdb" PDB не найден с "webp.lib(iterator_enc.obj)" или на "C:\Users\denfe\source\repos\CORNERS_TEST\x64\Release\webpencode.pdb"; компоновка объекта выполняется как при отсутствии отладочных данных
webp.lib(near_lossless_enc.obj) : warning LNK4099: "webpencode.pdb" PDB не найден с "webp.lib(near_lossless_enc.obj)" или на "C:\Users\denfe\source\repos\CORNERS_TEST\x64\Release\webpencode.pdb"; компоновка объекта выполняется как при отсутствии отладочных данных
webp.lib(picture_enc.obj) : warning LNK4099: "webpencode.pdb" PDB не найден с "webp.lib(picture_enc.obj)" или на "C:\Users\denfe\source\repos\CORNERS_TEST\x64\Release\webpencode.pdb"; компоновка объекта выполняется как при отсутствии отладочных данных
webp.lib(picture_csp_enc.obj) : warning LNK4099: "webpencode.pdb" PDB не найден с "webp.lib(picture_csp_enc.obj)" или на "C:\Users\denfe\source\repos\CORNERS_TEST\x64\Release\webpencode.pdb"; компоновка объекта выполняется как при отсутствии отладочных данных
webp.lib(picture_tools_enc.obj) : warning LNK4099: "webpencode.pdb" PDB не найден с "webp.lib(picture_tools_enc.obj)" или на "C:\Users\denfe\source\repos\CORNERS_TEST\x64\Release\webpencode.pdb"; компоновка объекта выполняется как при отсутствии отладочных данных
webp.lib(predictor_enc.obj) : warning LNK4099: "" PDB не найден с "webp.lib(predictor_enc.obj)" или на ""; компоновка объекта выполняется как при отсутствии отладочных данных
webp.lib(quant_enc.obj) : warning LNK4099: "" PDB не найден с "webp.lib(quant_enc.obj)" или на ""; компоновка объекта выполняется как при отсутствии отладочных данных
webp.lib(syntax_enc.obj) : warning LNK4099: "webpencode.pdb" PDB не найден с "webp.lib(syntax_enc.obj)" или на "C:\Users\denfe\source\repos\CORNERS_TEST\x64\Release\webpencode.pdb"; компоновка объекта выполняется как при отсутствии отладочных данных
webp.lib(token_enc.obj) : warning LNK4099: "webpencode.pdb" PDB не найден с "webp.lib(token_enc.obj)" или на "C:\Users\denfe\source\repos\CORNERS_TEST\x64\Release\webpencode.pdb"; компоновка объекта выполняется как при отсутствии отладочных данных
webp.lib(tree_enc.obj) : warning LNK4099: "webpencode.pdb" PDB не найден с "webp.lib(tree_enc.obj)" или на "C:\Users\denfe\source\repos\CORNERS_TEST\x64\Release\webpencode.pdb"; компоновка объекта выполняется как при отсутствии отладочных данных
webp.lib(vp8l_enc.obj) : warning LNK4099: "webpencode.pdb" PDB не найден с "webp.lib(vp8l_enc.obj)" или на "C:\Users\denfe\source\repos\CORNERS_TEST\x64\Release\webpencode.pdb"; компоновка объекта выполняется как при отсутствии отладочных данных
webp.lib(webp_enc.obj) : warning LNK4099: "webpencode.pdb" PDB не найден с "webp.lib(webp_enc.obj)" или на "C:\Users\denfe\source\repos\CORNERS_TEST\x64\Release\webpencode.pdb"; компоновка объекта выполняется как при отсутствии отладочных данных
webp.lib(bit_reader_utils.obj) : warning LNK4099: "webputils.pdb" PDB не найден с "webp.lib(bit_reader_utils.obj)" или на "C:\Users\denfe\source\repos\CORNERS_TEST\x64\Release\webputils.pdb"; компоновка объекта выполняется как при отсутствии отладочных данных
webp.lib(color_cache_utils.obj) : warning LNK4099: "webputils.pdb" PDB не найден с "webp.lib(color_cache_utils.obj)" или на "C:\Users\denfe\source\repos\CORNERS_TEST\x64\Release\webputils.pdb"; компоновка объекта выполняется как при отсутствии отладочных данных
webp.lib(filters_utils.obj) : warning LNK4099: "webputils.pdb" PDB не найден с "webp.lib(filters_utils.obj)" или на "C:\Users\denfe\source\repos\CORNERS_TEST\x64\Release\webputils.pdb"; компоновка объекта выполняется как при отсутствии отладочных данных
webp.lib(huffman_utils.obj) : warning LNK4099: "webputils.pdb" PDB не найден с "webp.lib(huffman_utils.obj)" или на "C:\Users\denfe\source\repos\CORNERS_TEST\x64\Release\webputils.pdb"; компоновка объекта выполняется как при отсутствии отладочных данных
webp.lib(quant_levels_dec_utils.obj) : warning LNK4099: "webputils.pdb" PDB не найден с "webp.lib(quant_levels_dec_utils.obj)" или на "C:\Users\denfe\source\repos\CORNERS_TEST\x64\Release\webputils.pdb"; компоновка объекта выполняется как при отсутствии отладочных данных
webp.lib(rescaler_utils.obj) : warning LNK4099: "webputils.pdb" PDB не найден с "webp.lib(rescaler_utils.obj)" или на "C:\Users\denfe\source\repos\CORNERS_TEST\x64\Release\webputils.pdb"; компоновка объекта выполняется как при отсутствии отладочных данных
webp.lib(random_utils.obj) : warning LNK4099: "" PDB не найден с "webp.lib(random_utils.obj)" или на ""; компоновка объекта выполняется как при отсутствии отладочных данных
webp.lib(thread_utils.obj) : warning LNK4099: "webputils.pdb" PDB не найден с "webp.lib(thread_utils.obj)" или на "C:\Users\denfe\source\repos\CORNERS_TEST\x64\Release\webputils.pdb"; компоновка объекта выполняется как при отсутствии отладочных данных
webp.lib(utils.obj) : warning LNK4099: "webputils.pdb" PDB не найден с "webp.lib(utils.obj)" или на "C:\Users\denfe\source\repos\CORNERS_TEST\x64\Release\webputils.pdb"; компоновка объекта выполняется как при отсутствии отладочных данных
webp.lib(bit_writer_utils.obj) : warning LNK4099: "webputils.pdb" PDB не найден с "webp.lib(bit_writer_utils.obj)" или на "C:\Users\denfe\source\repos\CORNERS_TEST\x64\Release\webputils.pdb"; компоновка объекта выполняется как при отсутствии отладочных данных
webp.lib(huffman_encode_utils.obj) : warning LNK4099: "webputils.pdb" PDB не найден с "webp.lib(huffman_encode_utils.obj)" или на "C:\Users\denfe\source\repos\CORNERS_TEST\x64\Release\webputils.pdb"; компоновка объекта выполняется как при отсутствии отладочных данных
webp.lib(quant_levels_utils.obj) : warning LNK4099: "webputils.pdb" PDB не найден с "webp.lib(quant_levels_utils.obj)" или на "C:\Users\denfe\source\repos\CORNERS_TEST\x64\Release\webputils.pdb"; компоновка объекта выполняется как при отсутствии отладочных данных
freetype.lib(autofit.obj) : warning LNK4099: "freetype.pdb" PDB не найден с "freetype.lib(autofit.obj)" или на "C:\Users\denfe\source\repos\CORNERS_TEST\x64\Release\freetype.pdb"; компоновка объекта выполняется как при отсутствии отладочных данных
freetype.lib(ftbase.obj) : warning LNK4099: "freetype.pdb" PDB не найден с "freetype.lib(ftbase.obj)" или на "C:\Users\denfe\source\repos\CORNERS_TEST\x64\Release\freetype.pdb"; компоновка объекта выполняется как при отсутствии отладочных данных
freetype.lib(ftbitmap.obj) : warning LNK4099: "freetype.pdb" PDB не найден с "freetype.lib(ftbitmap.obj)" или на "C:\Users\denfe\source\repos\CORNERS_TEST\x64\Release\freetype.pdb"; компоновка объекта выполняется как при отсутствии отладочных данных
freetype.lib(ftinit.obj) : warning LNK4099: "freetype.pdb" PDB не найден с "freetype.lib(ftinit.obj)" или на "C:\Users\denfe\source\repos\CORNERS_TEST\x64\Release\freetype.pdb"; компоновка объекта выполняется как при отсутствии отладочных данных
freetype.lib(ftsystem.obj) : warning LNK4099: "freetype.pdb" PDB не найден с "freetype.lib(ftsystem.obj)" или на "C:\Users\denfe\source\repos\CORNERS_TEST\x64\Release\freetype.pdb"; компоновка объекта выполняется как при отсутствии отладочных данных
freetype.lib(bdf.obj) : warning LNK4099: "freetype.pdb" PDB не найден с "freetype.lib(bdf.obj)" или на "C:\Users\denfe\source\repos\CORNERS_TEST\x64\Release\freetype.pdb"; компоновка объекта выполняется как при отсутствии отладочных данных
freetype.lib(cff.obj) : warning LNK4099: "freetype.pdb" PDB не найден с "freetype.lib(cff.obj)" или на "C:\Users\denfe\source\repos\CORNERS_TEST\x64\Release\freetype.pdb"; компоновка объекта выполняется как при отсутствии отладочных данных
freetype.lib(type1cid.obj) : warning LNK4099: "freetype.pdb" PDB не найден с "freetype.lib(type1cid.obj)" или на "C:\Users\denfe\source\repos\CORNERS_TEST\x64\Release\freetype.pdb"; компоновка объекта выполняется как при отсутствии отладочных данных
freetype.lib(ftgzip.obj) : warning LNK4099: "freetype.pdb" PDB не найден с "freetype.lib(ftgzip.obj)" или на "C:\Users\denfe\source\repos\CORNERS_TEST\x64\Release\freetype.pdb"; компоновка объекта выполняется как при отсутствии отладочных данных
freetype.lib(ftlzw.obj) : warning LNK4099: "freetype.pdb" PDB не найден с "freetype.lib(ftlzw.obj)" или на "C:\Users\denfe\source\repos\CORNERS_TEST\x64\Release\freetype.pdb"; компоновка объекта выполняется как при отсутствии отладочных данных
freetype.lib(pcf.obj) : warning LNK4099: "freetype.pdb" PDB не найден с "freetype.lib(pcf.obj)" или на "C:\Users\denfe\source\repos\CORNERS_TEST\x64\Release\freetype.pdb"; компоновка объекта выполняется как при отсутствии отладочных данных
freetype.lib(pfr.obj) : warning LNK4099: "freetype.pdb" PDB не найден с "freetype.lib(pfr.obj)" или на "C:\Users\denfe\source\repos\CORNERS_TEST\x64\Release\freetype.pdb"; компоновка объекта выполняется как при отсутствии отладочных данных
freetype.lib(psaux.obj) : warning LNK4099: "freetype.pdb" PDB не найден с "freetype.lib(psaux.obj)" или на "C:\Users\denfe\source\repos\CORNERS_TEST\x64\Release\freetype.pdb"; компоновка объекта выполняется как при отсутствии отладочных данных
freetype.lib(pshinter.obj) : warning LNK4099: "freetype.pdb" PDB не найден с "freetype.lib(pshinter.obj)" или на "C:\Users\denfe\source\repos\CORNERS_TEST\x64\Release\freetype.pdb"; компоновка объекта выполняется как при отсутствии отладочных данных
freetype.lib(psnames.obj) : warning LNK4099: "freetype.pdb" PDB не найден с "freetype.lib(psnames.obj)" или на "C:\Users\denfe\source\repos\CORNERS_TEST\x64\Release\freetype.pdb"; компоновка объекта выполняется как при отсутствии отладочных данных
freetype.lib(raster.obj) : warning LNK4099: "" PDB не найден с "freetype.lib(raster.obj)" или на ""; компоновка объекта выполняется как при отсутствии отладочных данных
freetype.lib(sfnt.obj) : warning LNK4099: "freetype.pdb" PDB не найден с "freetype.lib(sfnt.obj)" или на "C:\Users\denfe\source\repos\CORNERS_TEST\x64\Release\freetype.pdb"; компоновка объекта выполняется как при отсутствии отладочных данных
freetype.lib(smooth.obj) : warning LNK4099: "freetype.pdb" PDB не найден с "freetype.lib(smooth.obj)" или на "C:\Users\denfe\source\repos\CORNERS_TEST\x64\Release\freetype.pdb"; компоновка объекта выполняется как при отсутствии отладочных данных
freetype.lib(truetype.obj) : warning LNK4099: "freetype.pdb" PDB не найден с "freetype.lib(truetype.obj)" или на "C:\Users\denfe\source\repos\CORNERS_TEST\x64\Release\freetype.pdb"; компоновка объекта выполняется как при отсутствии отладочных данных
freetype.lib(type1.obj) : warning LNK4099: "freetype.pdb" PDB не найден с "freetype.lib(type1.obj)" или на "C:\Users\denfe\source\repos\CORNERS_TEST\x64\Release\freetype.pdb"; компоновка объекта выполняется как при отсутствии отладочных данных
freetype.lib(type42.obj) : warning LNK4099: "freetype.pdb" PDB не найден с "freetype.lib(type42.obj)" или на "C:\Users\denfe\source\repos\CORNERS_TEST\x64\Release\freetype.pdb"; компоновка объекта выполняется как при отсутствии отладочных данных
freetype.lib(winfnt.obj) : warning LNK4099: "freetype.pdb" PDB не найден с "freetype.lib(winfnt.obj)" или на "C:\Users\denfe\source\repos\CORNERS_TEST\x64\Release\freetype.pdb"; компоновка объекта выполняется как при отсутствии отладочных данных
  ugolki2.vcxproj -> C:\Users\denfe\source\repos\CORNERS_TEST\x64\Release\ugolki2.exe
